2019-12-24 09:33:15.3427||INFO|Microsoft.AspNetCore.DataProtection.KeyManagement.XmlKeyManager|User profile is available. Using 'C:\Users\Administrator\AppData\Local\ASP.NET\DataProtection-Keys' as key repository and Windows DPAPI to encrypt keys at rest. 
2019-12-24 09:40:18.5449|1|INFO|Microsoft.AspNetCore.Hosting.Diagnostics|Request starting HTTP/1.1 POST http://localhost/SysUser/unright/sqlAdvancedSelect?tokekey=9D651FFE42B3F69574D250B81C1719F9 application/json 56 
2019-12-24 09:40:18.9079||DEBUG|IPCheckMiddleware|Request from HeadCache-Control:no-cache
Connection:keep-alive
Content-Type:application/json
Accept:*/*
Accept-Encoding:gzip, deflate
Host:localhost
User-Agent:PostmanRuntime/7.21.0
Content-Length:56
Postman-Token:7c02d7d9-4a5f-4639-9785-77657f1d4a72
 
2019-12-24 09:40:18.9079||DEBUG|IPCheckMiddleware|Request from Remote IP address: 0.0.0.1 
2019-12-24 09:40:26.3213|10403|INFO|Microsoft.EntityFrameworkCore.Infrastructure|Entity Framework Core 3.0.0 initialized 'EntityContext' using provider 'Microsoft.EntityFrameworkCore.SqlServer' with options: None 
2019-12-24 09:40:27.1504|20100|INFO|Microsoft.EntityFrameworkCore.Database.Command|Executing DbCommand [Parameters=[@p0='?' (Size = 50) (DbType = AnsiString), @p1='?' (DbType = Boolean), @p2='?' (Size = 10) (DbType = AnsiString), @p3='?' (Size = 500) (DbType = AnsiString), @p4='?' (Size = 50) (DbType = AnsiString), @p5='?' (DbType = Guid), @p6='?' (Size = 8000) (DbType = AnsiString)], CommandType='Text', CommandTimeout='30']
SET NOCOUNT ON;
DECLARE @inserted0 TABLE ([AccessInfoId] uniqueidentifier, [_Position] [int]);
MERGE [AccessInfo] USING (
VALUES (@p0, @p1, @p2, @p3, @p4, @p5, @p6, 0)) AS i ([Ip], [IsBlocked], [Method], [Path], [RequestKey], [SysUserId], [Url], _Position) ON 1=0
WHEN NOT MATCHED THEN
INSERT ([Ip], [IsBlocked], [Method], [Path], [RequestKey], [SysUserId], [Url])
VALUES (i.[Ip], i.[IsBlocked], i.[Method], i.[Path], i.[RequestKey], i.[SysUserId], i.[Url])
OUTPUT INSERTED.[AccessInfoId], i._Position
INTO @inserted0;

SELECT [t].[AccessInfoId], [t].[createdOn], [t].[modifiedOn], [t].[VerCol] FROM [AccessInfo] t
INNER JOIN @inserted0 i ON ([t].[AccessInfoId] = [i].[AccessInfoId])
ORDER BY [i].[_Position]; 
2019-12-24 09:40:27.3734||DEBUG|IPCheckMiddleware|URL is not on the whitelist: 0.0.0.1 
2019-12-24 09:40:27.4134|2|INFO|Microsoft.AspNetCore.Hosting.Diagnostics|Request finished in 8868.808500000001ms 200 application/json; charset=utf-8 
2019-12-24 09:41:06.0546|1|INFO|Microsoft.AspNetCore.Hosting.Diagnostics|Request starting HTTP/1.1 POST http://192.168.60.84/SysUser/unright/sqlAdvancedSelect?tokekey=9D651FFE42B3F69574D250B81C1719F9 application/json 56 
2019-12-24 09:41:06.0946||DEBUG|IPCheckMiddleware|Request from HeadCache-Control:no-cache
Connection:keep-alive
Content-Type:application/json
Accept:*/*
Accept-Encoding:gzip, deflate
Host:192.168.60.84
User-Agent:PostmanRuntime/7.21.0
Content-Length:56
Postman-Token:d6659aec-4d81-44c1-9ee4-20f00730a8ea
 
2019-12-24 09:41:06.0946||DEBUG|IPCheckMiddleware|Request from Remote IP address: 192.168.60.84 
2019-12-24 09:41:06.3076|20100|INFO|Microsoft.EntityFrameworkCore.Database.Command|Executing DbCommand [Parameters=[@p0='?' (Size = 50) (DbType = AnsiString), @p1='?' (DbType = Boolean), @p2='?' (Size = 10) (DbType = AnsiString), @p3='?' (Size = 500) (DbType = AnsiString), @p4='?' (Size = 50) (DbType = AnsiString), @p5='?' (DbType = Guid), @p6='?' (Size = 8000) (DbType = AnsiString)], CommandType='Text', CommandTimeout='30']
SET NOCOUNT ON;
DECLARE @inserted0 TABLE ([AccessInfoId] uniqueidentifier, [_Position] [int]);
MERGE [AccessInfo] USING (
VALUES (@p0, @p1, @p2, @p3, @p4, @p5, @p6, 0)) AS i ([Ip], [IsBlocked], [Method], [Path], [RequestKey], [SysUserId], [Url], _Position) ON 1=0
WHEN NOT MATCHED THEN
INSERT ([Ip], [IsBlocked], [Method], [Path], [RequestKey], [SysUserId], [Url])
VALUES (i.[Ip], i.[IsBlocked], i.[Method], i.[Path], i.[RequestKey], i.[SysUserId], i.[Url])
OUTPUT INSERTED.[AccessInfoId], i._Position
INTO @inserted0;

SELECT [t].[AccessInfoId], [t].[createdOn], [t].[modifiedOn], [t].[VerCol] FROM [AccessInfo] t
INNER JOIN @inserted0 i ON ([t].[AccessInfoId] = [i].[AccessInfoId])
ORDER BY [i].[_Position]; 
2019-12-24 09:41:06.6796|0|INFO|Microsoft.AspNetCore.Routing.EndpointMiddleware|Executing endpoint 'WebAPI.Controllers.SysUserController.getAdvanced (WebAPI)' 
2019-12-24 09:41:06.7296|3|INFO|Microsoft.AspNetCore.Mvc.Infrastructure.ControllerActionInvoker|Route matched with {action = "getAdvanced", controller = "SysUser"}. Executing controller action with signature Microsoft.AspNetCore.Mvc.ActionResult getAdvanced(WebAPI.CustomModels.SqlAdvancedSelect) on controller WebAPI.Controllers.SysUserController (WebAPI). 
2019-12-24 09:41:11.0929||INFO|WebAPI.Controllers.SysUserController|unright/getAdvanced 
2019-12-24 09:41:11.1559|10403|INFO|Microsoft.EntityFrameworkCore.Infrastructure|Entity Framework Core 3.0.0 initialized 'EntityContext' using provider 'Microsoft.EntityFrameworkCore.SqlServer' with options: None 
2019-12-24 09:41:11.4119|1|INFO|Microsoft.AspNetCore.Mvc.Infrastructure.ObjectResultExecutor|Executing ObjectResult, writing value of type 'WebAPI.CustomResult'. 
2019-12-24 09:41:11.4419|2|INFO|Microsoft.AspNetCore.Mvc.Infrastructure.ControllerActionInvoker|Executed action WebAPI.Controllers.SysUserController.getAdvanced (WebAPI) in 4708.7093ms 
2019-12-24 09:41:11.4419|1|INFO|Microsoft.AspNetCore.Routing.EndpointMiddleware|Executed endpoint 'WebAPI.Controllers.SysUserController.getAdvanced (WebAPI)' 
2019-12-24 09:41:11.4419|2|INFO|Microsoft.AspNetCore.Hosting.Diagnostics|Request finished in 5393.3988ms 400 application/json; charset=utf-8 
2019-12-24 09:41:22.4215|1|INFO|Microsoft.AspNetCore.Hosting.Diagnostics|Request starting HTTP/1.1 POST http://192.168.60.84/SysUser/unright/sqlAdvancedSelect?tokekey=9D651FFE42B3F69574D250B81C1719F9 application/json 56 
2019-12-24 09:41:22.4615||DEBUG|IPCheckMiddleware|Request from HeadCache-Control:no-cache
Connection:keep-alive
Content-Type:application/json
Accept:*/*
Accept-Encoding:gzip, deflate
Host:192.168.60.84
User-Agent:PostmanRuntime/7.21.0
Content-Length:56
Postman-Token:b3c17461-59ff-480d-9cdd-f72dc9521945
 
2019-12-24 09:41:22.4615||DEBUG|IPCheckMiddleware|Request from Remote IP address: 192.168.60.84 
2019-12-24 09:41:22.5455|20100|INFO|Microsoft.EntityFrameworkCore.Database.Command|Executing DbCommand [Parameters=[@p0='?' (Size = 50) (DbType = AnsiString), @p1='?' (DbType = Boolean), @p2='?' (Size = 10) (DbType = AnsiString), @p3='?' (Size = 500) (DbType = AnsiString), @p4='?' (Size = 50) (DbType = AnsiString), @p5='?' (DbType = Guid), @p6='?' (Size = 8000) (DbType = AnsiString)], CommandType='Text', CommandTimeout='30']
SET NOCOUNT ON;
DECLARE @inserted0 TABLE ([AccessInfoId] uniqueidentifier, [_Position] [int]);
MERGE [AccessInfo] USING (
VALUES (@p0, @p1, @p2, @p3, @p4, @p5, @p6, 0)) AS i ([Ip], [IsBlocked], [Method], [Path], [RequestKey], [SysUserId], [Url], _Position) ON 1=0
WHEN NOT MATCHED THEN
INSERT ([Ip], [IsBlocked], [Method], [Path], [RequestKey], [SysUserId], [Url])
VALUES (i.[Ip], i.[IsBlocked], i.[Method], i.[Path], i.[RequestKey], i.[SysUserId], i.[Url])
OUTPUT INSERTED.[AccessInfoId], i._Position
INTO @inserted0;

SELECT [t].[AccessInfoId], [t].[createdOn], [t].[modifiedOn], [t].[VerCol] FROM [AccessInfo] t
INNER JOIN @inserted0 i ON ([t].[AccessInfoId] = [i].[AccessInfoId])
ORDER BY [i].[_Position]; 
2019-12-24 09:41:22.7156|0|INFO|Microsoft.AspNetCore.Routing.EndpointMiddleware|Executing endpoint 'WebAPI.Controllers.SysUserController.getAdvanced (WebAPI)' 
2019-12-24 09:41:22.7156|3|INFO|Microsoft.AspNetCore.Mvc.Infrastructure.ControllerActionInvoker|Route matched with {action = "getAdvanced", controller = "SysUser"}. Executing controller action with signature Microsoft.AspNetCore.Mvc.ActionResult getAdvanced(WebAPI.CustomModels.SqlAdvancedSelect) on controller WebAPI.Controllers.SysUserController (WebAPI). 
2019-12-24 09:41:30.4150||INFO|WebAPI.Controllers.SysUserController|unright/getAdvanced 
2019-12-24 09:43:53.4962||INFO|Microsoft.AspNetCore.DataProtection.KeyManagement.XmlKeyManager|User profile is available. Using 'C:\Users\Administrator\AppData\Local\ASP.NET\DataProtection-Keys' as key repository and Windows DPAPI to encrypt keys at rest. 
2019-12-24 09:43:57.7544|1|INFO|Microsoft.AspNetCore.Hosting.Diagnostics|Request starting HTTP/1.1 POST http://192.168.60.84/SysUser/unright/sqlAdvancedSelect?tokekey=9D651FFE42B3F69574D250B81C1719F9 application/json 56 
2019-12-24 09:43:58.0864||DEBUG|IPCheckMiddleware|Request from HeadCache-Control:no-cache
Connection:keep-alive
Content-Type:application/json
Accept:*/*
Accept-Encoding:gzip, deflate
Host:192.168.60.84
User-Agent:PostmanRuntime/7.21.0
Content-Length:56
Postman-Token:570e7cb9-ed3f-45ec-8460-8b40a78c1c4e
 
2019-12-24 09:43:58.0864||DEBUG|IPCheckMiddleware|Request from Remote IP address: 192.168.60.84 
2019-12-24 09:43:58.6405|10403|INFO|Microsoft.EntityFrameworkCore.Infrastructure|Entity Framework Core 3.0.0 initialized 'EntityContext' using provider 'Microsoft.EntityFrameworkCore.SqlServer' with options: None 
2019-12-24 09:43:59.3115|20100|INFO|Microsoft.EntityFrameworkCore.Database.Command|Executing DbCommand [Parameters=[@p0='?' (Size = 50) (DbType = AnsiString), @p1='?' (DbType = Boolean), @p2='?' (Size = 10) (DbType = AnsiString), @p3='?' (Size = 500) (DbType = AnsiString), @p4='?' (Size = 50) (DbType = AnsiString), @p5='?' (DbType = Guid), @p6='?' (Size = 8000) (DbType = AnsiString)], CommandType='Text', CommandTimeout='30']
SET NOCOUNT ON;
DECLARE @inserted0 TABLE ([AccessInfoId] uniqueidentifier, [_Position] [int]);
MERGE [AccessInfo] USING (
VALUES (@p0, @p1, @p2, @p3, @p4, @p5, @p6, 0)) AS i ([Ip], [IsBlocked], [Method], [Path], [RequestKey], [SysUserId], [Url], _Position) ON 1=0
WHEN NOT MATCHED THEN
INSERT ([Ip], [IsBlocked], [Method], [Path], [RequestKey], [SysUserId], [Url])
VALUES (i.[Ip], i.[IsBlocked], i.[Method], i.[Path], i.[RequestKey], i.[SysUserId], i.[Url])
OUTPUT INSERTED.[AccessInfoId], i._Position
INTO @inserted0;

SELECT [t].[AccessInfoId], [t].[createdOn], [t].[modifiedOn], [t].[VerCol] FROM [AccessInfo] t
INNER JOIN @inserted0 i ON ([t].[AccessInfoId] = [i].[AccessInfoId])
ORDER BY [i].[_Position]; 
2019-12-24 09:43:59.7625|0|INFO|Microsoft.AspNetCore.Routing.EndpointMiddleware|Executing endpoint 'WebAPI.Controllers.SysUserController.getAdvanced (WebAPI)' 
2019-12-24 09:43:59.7945|3|INFO|Microsoft.AspNetCore.Mvc.Infrastructure.ControllerActionInvoker|Route matched with {action = "getAdvanced", controller = "SysUser"}. Executing controller action with signature Microsoft.AspNetCore.Mvc.ActionResult getAdvanced(WebAPI.CustomModels.SqlAdvancedSelect) on controller WebAPI.Controllers.SysUserController (WebAPI). 
2019-12-24 09:44:03.0957||INFO|WebAPI.Controllers.SysUserController|unright/getAdvanced 
2019-12-24 09:44:03.1307|10403|INFO|Microsoft.EntityFrameworkCore.Infrastructure|Entity Framework Core 3.0.0 initialized 'EntityContext' using provider 'Microsoft.EntityFrameworkCore.SqlServer' with options: None 
2019-12-24 09:44:03.2527|1|INFO|Microsoft.AspNetCore.Mvc.Infrastructure.ObjectResultExecutor|Executing ObjectResult, writing value of type 'WebAPI.CustomResult'. 
2019-12-24 09:44:03.2797|2|INFO|Microsoft.AspNetCore.Mvc.Infrastructure.ControllerActionInvoker|Executed action WebAPI.Controllers.SysUserController.getAdvanced (WebAPI) in 3480.2428ms 
2019-12-24 09:44:03.2797|1|INFO|Microsoft.AspNetCore.Routing.EndpointMiddleware|Executed endpoint 'WebAPI.Controllers.SysUserController.getAdvanced (WebAPI)' 
2019-12-24 09:44:03.2797|2|INFO|Microsoft.AspNetCore.Hosting.Diagnostics|Request finished in 5533.4646ms 200 application/json; charset=utf-8 
2019-12-24 09:58:01.9467||INFO|Microsoft.AspNetCore.DataProtection.KeyManagement.XmlKeyManager|User profile is available. Using 'C:\Users\Administrator\AppData\Local\ASP.NET\DataProtection-Keys' as key repository and Windows DPAPI to encrypt keys at rest. 
2019-12-24 09:58:11.0842|1|INFO|Microsoft.AspNetCore.Hosting.Diagnostics|Request starting HTTP/1.1 POST http://192.168.60.84/SysUser/unright/sqlAdvancedSelect?tokekey=9D651FFE42B3F69574D250B81C1719F9 application/json 56 
2019-12-24 09:58:11.4233||DEBUG|IPCheckMiddleware|Request from HeadCache-Control:no-cache
Connection:keep-alive
Content-Type:application/json
Accept:*/*
Accept-Encoding:gzip, deflate
Host:192.168.60.84
User-Agent:PostmanRuntime/7.21.0
Content-Length:56
Postman-Token:3c9c336e-76f6-40d3-8ae7-0246d1e092f4
 
2019-12-24 09:58:11.4233||DEBUG|IPCheckMiddleware|Request from Remote IP address: 192.168.60.84 
2019-12-24 09:58:11.9743|10403|INFO|Microsoft.EntityFrameworkCore.Infrastructure|Entity Framework Core 3.0.0 initialized 'EntityContext' using provider 'Microsoft.EntityFrameworkCore.SqlServer' with options: None 
2019-12-24 09:58:12.6693|20100|INFO|Microsoft.EntityFrameworkCore.Database.Command|Executing DbCommand [Parameters=[@p0='?' (Size = 50) (DbType = AnsiString), @p1='?' (DbType = Boolean), @p2='?' (Size = 10) (DbType = AnsiString), @p3='?' (Size = 500) (DbType = AnsiString), @p4='?' (Size = 50) (DbType = AnsiString), @p5='?' (DbType = Guid), @p6='?' (Size = 8000) (DbType = AnsiString)], CommandType='Text', CommandTimeout='30']
SET NOCOUNT ON;
DECLARE @inserted0 TABLE ([AccessInfoId] uniqueidentifier, [_Position] [int]);
MERGE [AccessInfo] USING (
VALUES (@p0, @p1, @p2, @p3, @p4, @p5, @p6, 0)) AS i ([Ip], [IsBlocked], [Method], [Path], [RequestKey], [SysUserId], [Url], _Position) ON 1=0
WHEN NOT MATCHED THEN
INSERT ([Ip], [IsBlocked], [Method], [Path], [RequestKey], [SysUserId], [Url])
VALUES (i.[Ip], i.[IsBlocked], i.[Method], i.[Path], i.[RequestKey], i.[SysUserId], i.[Url])
OUTPUT INSERTED.[AccessInfoId], i._Position
INTO @inserted0;

SELECT [t].[AccessInfoId], [t].[createdOn], [t].[modifiedOn], [t].[VerCol] FROM [AccessInfo] t
INNER JOIN @inserted0 i ON ([t].[AccessInfoId] = [i].[AccessInfoId])
ORDER BY [i].[_Position]; 
2019-12-24 09:58:13.1293|0|INFO|Microsoft.AspNetCore.Routing.EndpointMiddleware|Executing endpoint 'WebAPI.Controllers.SysUserController.getAdvanced (WebAPI)' 
2019-12-24 09:58:13.1614|3|INFO|Microsoft.AspNetCore.Mvc.Infrastructure.ControllerActionInvoker|Route matched with {action = "getAdvanced", controller = "SysUser"}. Executing controller action with signature Microsoft.AspNetCore.Mvc.ActionResult getAdvanced(WebAPI.CustomModels.SqlAdvancedSelect) on controller WebAPI.Controllers.SysUserController (WebAPI). 
2019-12-24 09:58:26.0231||INFO|WebAPI.Controllers.SysUserController|unright/getAdvanced 
2019-12-24 10:00:12.1282|10403|INFO|Microsoft.EntityFrameworkCore.Infrastructure|Entity Framework Core 3.0.0 initialized 'EntityContext' using provider 'Microsoft.EntityFrameworkCore.SqlServer' with options: None 
2019-12-24 10:00:12.4052|1|INFO|Microsoft.AspNetCore.Mvc.Infrastructure.ObjectResultExecutor|Executing ObjectResult, writing value of type 'WebAPI.CustomResult'. 
2019-12-24 10:00:12.4242|2|INFO|Microsoft.AspNetCore.Mvc.Infrastructure.ControllerActionInvoker|Executed action WebAPI.Controllers.SysUserController.getAdvanced (WebAPI) in 119256.7972ms 
2019-12-24 10:00:12.4242|1|INFO|Microsoft.AspNetCore.Routing.EndpointMiddleware|Executed endpoint 'WebAPI.Controllers.SysUserController.getAdvanced (WebAPI)' 
2019-12-24 10:00:12.4332|2|INFO|Microsoft.AspNetCore.Hosting.Diagnostics|Request finished in 121347.32620000001ms 200 application/json; charset=utf-8 
2019-12-24 10:03:30.2225||INFO|Microsoft.AspNetCore.DataProtection.KeyManagement.XmlKeyManager|User profile is available. Using 'C:\Users\Administrator\AppData\Local\ASP.NET\DataProtection-Keys' as key repository and Windows DPAPI to encrypt keys at rest. 
2019-12-24 10:03:37.5419|1|INFO|Microsoft.AspNetCore.Hosting.Diagnostics|Request starting HTTP/1.1 POST http://192.168.60.84/SysUser/unright/sqlAdvancedSelect?tokekey=9D651FFE42B3F69574D250B81C1719F9 application/json 56 
2019-12-24 10:03:37.8629||DEBUG|IPCheckMiddleware|Request from HeadCache-Control:no-cache
Connection:keep-alive
Content-Type:application/json
Accept:*/*
Accept-Encoding:gzip, deflate
Host:192.168.60.84
User-Agent:PostmanRuntime/7.21.0
Content-Length:56
Postman-Token:80516842-cdf3-43c7-b951-e7d3758d6d5e
 
2019-12-24 10:03:37.8629||DEBUG|IPCheckMiddleware|Request from Remote IP address: 192.168.60.84 
2019-12-24 10:03:38.4050|10403|INFO|Microsoft.EntityFrameworkCore.Infrastructure|Entity Framework Core 3.0.0 initialized 'EntityContext' using provider 'Microsoft.EntityFrameworkCore.SqlServer' with options: None 
2019-12-24 10:03:39.0720|20100|INFO|Microsoft.EntityFrameworkCore.Database.Command|Executing DbCommand [Parameters=[@p0='?' (Size = 50) (DbType = AnsiString), @p1='?' (DbType = Boolean), @p2='?' (Size = 10) (DbType = AnsiString), @p3='?' (Size = 500) (DbType = AnsiString), @p4='?' (Size = 50) (DbType = AnsiString), @p5='?' (DbType = Guid), @p6='?' (Size = 8000) (DbType = AnsiString)], CommandType='Text', CommandTimeout='30']
SET NOCOUNT ON;
DECLARE @inserted0 TABLE ([AccessInfoId] uniqueidentifier, [_Position] [int]);
MERGE [AccessInfo] USING (
VALUES (@p0, @p1, @p2, @p3, @p4, @p5, @p6, 0)) AS i ([Ip], [IsBlocked], [Method], [Path], [RequestKey], [SysUserId], [Url], _Position) ON 1=0
WHEN NOT MATCHED THEN
INSERT ([Ip], [IsBlocked], [Method], [Path], [RequestKey], [SysUserId], [Url])
VALUES (i.[Ip], i.[IsBlocked], i.[Method], i.[Path], i.[RequestKey], i.[SysUserId], i.[Url])
OUTPUT INSERTED.[AccessInfoId], i._Position
INTO @inserted0;

SELECT [t].[AccessInfoId], [t].[createdOn], [t].[modifiedOn], [t].[VerCol] FROM [AccessInfo] t
INNER JOIN @inserted0 i ON ([t].[AccessInfoId] = [i].[AccessInfoId])
ORDER BY [i].[_Position]; 
2019-12-24 10:03:39.5220|0|INFO|Microsoft.AspNetCore.Routing.EndpointMiddleware|Executing endpoint 'WebAPI.Controllers.SysUserController.getAdvanced (WebAPI)' 
2019-12-24 10:03:39.5540|3|INFO|Microsoft.AspNetCore.Mvc.Infrastructure.ControllerActionInvoker|Route matched with {action = "getAdvanced", controller = "SysUser"}. Executing controller action with signature Microsoft.AspNetCore.Mvc.ActionResult getAdvanced(WebAPI.CustomModels.SqlAdvancedSelect) on controller WebAPI.Controllers.SysUserController (WebAPI). 
2019-12-24 10:03:39.5810||INFO|WebAPI.Controllers.SysUserController|unright/getAdvanced 
2019-12-24 10:03:43.7943|10403|INFO|Microsoft.EntityFrameworkCore.Infrastructure|Entity Framework Core 3.0.0 initialized 'EntityContext' using provider 'Microsoft.EntityFrameworkCore.SqlServer' with options: None 
2019-12-24 10:03:43.8733|1|INFO|Microsoft.AspNetCore.Mvc.Infrastructure.ObjectResultExecutor|Executing ObjectResult, writing value of type 'WebAPI.CustomResult'. 
2019-12-24 10:03:43.8923|2|INFO|Microsoft.AspNetCore.Mvc.Infrastructure.ControllerActionInvoker|Executed action WebAPI.Controllers.SysUserController.getAdvanced (WebAPI) in 4333.3085ms 
2019-12-24 10:03:43.8943|1|INFO|Microsoft.AspNetCore.Routing.EndpointMiddleware|Executed endpoint 'WebAPI.Controllers.SysUserController.getAdvanced (WebAPI)' 
2019-12-24 10:03:43.8943|2|INFO|Microsoft.AspNetCore.Hosting.Diagnostics|Request finished in 6359.0766ms 200 application/json; charset=utf-8 
2019-12-24 10:04:44.4317|1|INFO|Microsoft.AspNetCore.Hosting.Diagnostics|Request starting HTTP/1.1 POST http://192.168.60.84/SysUser/unright/sqlAdvancedSelect?tokekey=9D651FFE42B3F69574D250B81C1719F9 application/json 132 
2019-12-24 10:04:44.4747||DEBUG|IPCheckMiddleware|Request from HeadCache-Control:no-cache
Connection:keep-alive
Content-Type:application/json
Accept:*/*
Accept-Encoding:gzip, deflate
Host:192.168.60.84
User-Agent:PostmanRuntime/7.21.0
Content-Length:132
Postman-Token:82b68385-952f-4b69-9bdc-0fee42d46e79
 
2019-12-24 10:04:44.4747||DEBUG|IPCheckMiddleware|Request from Remote IP address: 192.168.60.84 
2019-12-24 10:04:44.7507|20100|INFO|Microsoft.EntityFrameworkCore.Database.Command|Executing DbCommand [Parameters=[@p0='?' (Size = 50) (DbType = AnsiString), @p1='?' (DbType = Boolean), @p2='?' (Size = 10) (DbType = AnsiString), @p3='?' (Size = 500) (DbType = AnsiString), @p4='?' (Size = 50) (DbType = AnsiString), @p5='?' (DbType = Guid), @p6='?' (Size = 8000) (DbType = AnsiString)], CommandType='Text', CommandTimeout='30']
SET NOCOUNT ON;
DECLARE @inserted0 TABLE ([AccessInfoId] uniqueidentifier, [_Position] [int]);
MERGE [AccessInfo] USING (
VALUES (@p0, @p1, @p2, @p3, @p4, @p5, @p6, 0)) AS i ([Ip], [IsBlocked], [Method], [Path], [RequestKey], [SysUserId], [Url], _Position) ON 1=0
WHEN NOT MATCHED THEN
INSERT ([Ip], [IsBlocked], [Method], [Path], [RequestKey], [SysUserId], [Url])
VALUES (i.[Ip], i.[IsBlocked], i.[Method], i.[Path], i.[RequestKey], i.[SysUserId], i.[Url])
OUTPUT INSERTED.[AccessInfoId], i._Position
INTO @inserted0;

SELECT [t].[AccessInfoId], [t].[createdOn], [t].[modifiedOn], [t].[VerCol] FROM [AccessInfo] t
INNER JOIN @inserted0 i ON ([t].[AccessInfoId] = [i].[AccessInfoId])
ORDER BY [i].[_Position]; 
2019-12-24 10:04:44.9208|0|INFO|Microsoft.AspNetCore.Routing.EndpointMiddleware|Executing endpoint 'WebAPI.Controllers.SysUserController.getAdvanced (WebAPI)' 
2019-12-24 10:04:44.9208|3|INFO|Microsoft.AspNetCore.Mvc.Infrastructure.ControllerActionInvoker|Route matched with {action = "getAdvanced", controller = "SysUser"}. Executing controller action with signature Microsoft.AspNetCore.Mvc.ActionResult getAdvanced(WebAPI.CustomModels.SqlAdvancedSelect) on controller WebAPI.Controllers.SysUserController (WebAPI). 
2019-12-24 10:04:44.9208||INFO|WebAPI.Controllers.SysUserController|unright/getAdvanced 
2019-12-24 10:04:48.6170|10403|INFO|Microsoft.EntityFrameworkCore.Infrastructure|Entity Framework Core 3.0.0 initialized 'EntityContext' using provider 'Microsoft.EntityFrameworkCore.SqlServer' with options: None 
2019-12-24 10:04:48.6580|1|INFO|Microsoft.AspNetCore.Mvc.Infrastructure.ObjectResultExecutor|Executing ObjectResult, writing value of type 'WebAPI.CustomResult'. 
2019-12-24 10:04:48.6580|2|INFO|Microsoft.AspNetCore.Mvc.Infrastructure.ControllerActionInvoker|Executed action WebAPI.Controllers.SysUserController.getAdvanced (WebAPI) in 3735.9483ms 
2019-12-24 10:04:48.6580|1|INFO|Microsoft.AspNetCore.Routing.EndpointMiddleware|Executed endpoint 'WebAPI.Controllers.SysUserController.getAdvanced (WebAPI)' 
2019-12-24 10:04:48.6580|2|INFO|Microsoft.AspNetCore.Hosting.Diagnostics|Request finished in 4229.4026ms 200 application/json; charset=utf-8 
2019-12-24 10:20:00.9672||INFO|Microsoft.AspNetCore.DataProtection.KeyManagement.XmlKeyManager|User profile is available. Using 'C:\Users\Administrator\AppData\Local\ASP.NET\DataProtection-Keys' as key repository and Windows DPAPI to encrypt keys at rest. 
2019-12-24 10:20:55.2033|1|INFO|Microsoft.AspNetCore.Hosting.Diagnostics|Request starting HTTP/1.1 POST http://192.168.60.84/ActionAccessInfo/unright/sqlAdvancedSelect?tokekey=9D651FFE42B3F69574D250B81C1719F9 application/json 38 
2019-12-24 10:20:55.5273||DEBUG|IPCheckMiddleware|Request from HeadCache-Control:no-cache
Connection:keep-alive
Content-Type:application/json
Accept:*/*
Accept-Encoding:gzip, deflate
Host:192.168.60.84
User-Agent:PostmanRuntime/7.21.0
Content-Length:38
Postman-Token:9cd39802-04af-4905-89d3-f0dac5592243
 
2019-12-24 10:20:55.5273||DEBUG|IPCheckMiddleware|Request from Remote IP address: 192.168.60.84 
2019-12-24 10:20:56.0743|10403|INFO|Microsoft.EntityFrameworkCore.Infrastructure|Entity Framework Core 3.0.0 initialized 'EntityContext' using provider 'Microsoft.EntityFrameworkCore.SqlServer' with options: None 
2019-12-24 10:20:56.7323|20100|INFO|Microsoft.EntityFrameworkCore.Database.Command|Executing DbCommand [Parameters=[@p0='?' (Size = 50) (DbType = AnsiString), @p1='?' (DbType = Boolean), @p2='?' (Size = 10) (DbType = AnsiString), @p3='?' (Size = 500) (DbType = AnsiString), @p4='?' (Size = 50) (DbType = AnsiString), @p5='?' (DbType = Guid), @p6='?' (Size = 8000) (DbType = AnsiString)], CommandType='Text', CommandTimeout='30']
SET NOCOUNT ON;
DECLARE @inserted0 TABLE ([AccessInfoId] uniqueidentifier, [_Position] [int]);
MERGE [AccessInfo] USING (
VALUES (@p0, @p1, @p2, @p3, @p4, @p5, @p6, 0)) AS i ([Ip], [IsBlocked], [Method], [Path], [RequestKey], [SysUserId], [Url], _Position) ON 1=0
WHEN NOT MATCHED THEN
INSERT ([Ip], [IsBlocked], [Method], [Path], [RequestKey], [SysUserId], [Url])
VALUES (i.[Ip], i.[IsBlocked], i.[Method], i.[Path], i.[RequestKey], i.[SysUserId], i.[Url])
OUTPUT INSERTED.[AccessInfoId], i._Position
INTO @inserted0;

SELECT [t].[AccessInfoId], [t].[createdOn], [t].[modifiedOn], [t].[VerCol] FROM [AccessInfo] t
INNER JOIN @inserted0 i ON ([t].[AccessInfoId] = [i].[AccessInfoId])
ORDER BY [i].[_Position]; 
2019-12-24 10:20:57.2174|10403|INFO|Microsoft.EntityFrameworkCore.Infrastructure|Entity Framework Core 3.0.0 initialized 'EntityContext' using provider 'Microsoft.EntityFrameworkCore.SqlServer' with options: None 
2019-12-24 10:20:57.2714|20100|INFO|Microsoft.EntityFrameworkCore.Database.Command|Executing DbCommand [Parameters=[@p0='?' (Size = 50) (DbType = AnsiString)], CommandType='Text', CommandTimeout='30']
SET NOCOUNT ON;
DECLARE @inserted0 TABLE ([ActionAccessInfoId] uniqueidentifier, [_Position] [int]);
MERGE [ActionAccessInfo] USING (
VALUES (@p0, 0)) AS i ([RequestKey], _Position) ON 1=0
WHEN NOT MATCHED THEN
INSERT ([RequestKey])
VALUES (i.[RequestKey])
OUTPUT INSERTED.[ActionAccessInfoId], i._Position
INTO @inserted0;

SELECT [t].[ActionAccessInfoId], [t].[createdOn], [t].[modifiedOn], [t].[VerCol] FROM [ActionAccessInfo] t
INNER JOIN @inserted0 i ON ([t].[ActionAccessInfoId] = [i].[ActionAccessInfoId])
ORDER BY [i].[_Position]; 
2019-12-24 10:20:57.3564||DEBUG|CustomeAuthenticationMiddleware|/actionaccessinfo/unright/sqladvancedselect,post 
2019-12-24 10:20:57.3924|2|INFO|Microsoft.AspNetCore.Hosting.Diagnostics|Request finished in 2188.8842ms 200 application/json; charset=utf-8 
