2020-04-17 15:45:21.9719||INFO|Microsoft.AspNetCore.DataProtection.KeyManagement.XmlKeyManager|User profile is available. Using 'C:\Users\Administrator\AppData\Local\ASP.NET\DataProtection-Keys' as key repository and Windows DPAPI to encrypt keys at rest. 
2020-04-17 15:45:49.2975|1|INFO|Microsoft.AspNetCore.Hosting.Diagnostics|Request starting HTTP/1.1 GET http://localhost/   
2020-04-17 15:45:49.5895||DEBUG|IPCheckMiddleware|Request from HeadConnection:keep-alive
Accept:text/html,application/xhtml+xml,application/xml;q=0.9,image/webp,image/apng,*/*;q=0.8,application/signed-exchange;v=b3
Accept-Encoding:gzip, deflate, br
Accept-Language:zh-CN,zh;q=0.9
Cookie:ASP.NET_SessionId=rg10lqsyijzk51fwdc2fxhvx; ucmlskin_2018=U7_S8
Host:localhost
User-Agent:Mozilla/5.0 (Windows NT 6.1; Win64; x64) AppleWebKit/537.36 (KHTML, like Gecko) Chrome/78.0.3904.108 Safari/537.36
Upgrade-Insecure-Requests:1
Sec-Fetch-User:?1
Sec-Fetch-Site:none
Sec-Fetch-Mode:navigate
 
2020-04-17 15:45:49.5895||DEBUG|IPCheckMiddleware|Request from Remote IP address: 0.0.0.1 
2020-04-17 15:45:50.5326|10403|INFO|Microsoft.EntityFrameworkCore.Infrastructure|Entity Framework Core 3.0.0 initialized 'EntityContext' using provider 'Microsoft.EntityFrameworkCore.SqlServer' with options: None 
2020-04-17 15:45:52.1097|20100|INFO|Microsoft.EntityFrameworkCore.Database.Command|Executing DbCommand [Parameters=[@p0='?' (Size = 50) (DbType = AnsiString), @p1='?' (DbType = Boolean), @p2='?' (Size = 10) (DbType = AnsiString), @p3='?' (Size = 500) (DbType = AnsiString), @p4='?' (Size = 50) (DbType = AnsiString), @p5='?' (DbType = Guid), @p6='?' (Size = 8000) (DbType = AnsiString)], CommandType='Text', CommandTimeout='30']
SET NOCOUNT ON;
DECLARE @inserted0 TABLE ([AccessInfoId] uniqueidentifier, [_Position] [int]);
MERGE [AccessInfo] USING (
VALUES (@p0, @p1, @p2, @p3, @p4, @p5, @p6, 0)) AS i ([Ip], [IsBlocked], [Method], [Path], [RequestKey], [SysUserId], [Url], _Position) ON 1=0
WHEN NOT MATCHED THEN
INSERT ([Ip], [IsBlocked], [Method], [Path], [RequestKey], [SysUserId], [Url])
VALUES (i.[Ip], i.[IsBlocked], i.[Method], i.[Path], i.[RequestKey], i.[SysUserId], i.[Url])
OUTPUT INSERTED.[AccessInfoId], i._Position
INTO @inserted0;

SELECT [t].[AccessInfoId], [t].[createdOn], [t].[modifiedOn], [t].[VerCol] FROM [AccessInfo] t
INNER JOIN @inserted0 i ON ([t].[AccessInfoId] = [i].[AccessInfoId])
ORDER BY [i].[_Position]; 
2020-04-17 15:45:52.2707||DEBUG|IPCheckMiddleware|URL is not on the whitelist: 0.0.0.1 
2020-04-17 15:45:52.4357|2|INFO|Microsoft.AspNetCore.Hosting.Diagnostics|Request finished in 3139.789ms 200 application/json; charset=utf-8 
2020-04-17 15:45:52.5417|1|INFO|Microsoft.AspNetCore.Hosting.Diagnostics|Request starting HTTP/1.1 GET http://localhost/favicon.ico   
2020-04-17 15:45:52.5817||DEBUG|IPCheckMiddleware|Request from HeadConnection:keep-alive
Accept:image/webp,image/apng,image/*,*/*;q=0.8
Accept-Encoding:gzip, deflate, br
Accept-Language:zh-CN,zh;q=0.9
Cookie:ASP.NET_SessionId=rg10lqsyijzk51fwdc2fxhvx; ucmlskin_2018=U7_S8
Host:localhost
Referer:http://localhost/
User-Agent:Mozilla/5.0 (Windows NT 6.1; Win64; x64) AppleWebKit/537.36 (KHTML, like Gecko) Chrome/78.0.3904.108 Safari/537.36
Sec-Fetch-Site:same-origin
Sec-Fetch-Mode:no-cors
 
2020-04-17 15:45:52.5817||DEBUG|IPCheckMiddleware|Request from Remote IP address: 0.0.0.1 
2020-04-17 15:45:52.8887|20100|INFO|Microsoft.EntityFrameworkCore.Database.Command|Executing DbCommand [Parameters=[@p0='?' (Size = 50) (DbType = AnsiString), @p1='?' (DbType = Boolean), @p2='?' (Size = 10) (DbType = AnsiString), @p3='?' (Size = 500) (DbType = AnsiString), @p4='?' (Size = 50) (DbType = AnsiString), @p5='?' (DbType = Guid), @p6='?' (Size = 8000) (DbType = AnsiString)], CommandType='Text', CommandTimeout='30']
SET NOCOUNT ON;
DECLARE @inserted0 TABLE ([AccessInfoId] uniqueidentifier, [_Position] [int]);
MERGE [AccessInfo] USING (
VALUES (@p0, @p1, @p2, @p3, @p4, @p5, @p6, 0)) AS i ([Ip], [IsBlocked], [Method], [Path], [RequestKey], [SysUserId], [Url], _Position) ON 1=0
WHEN NOT MATCHED THEN
INSERT ([Ip], [IsBlocked], [Method], [Path], [RequestKey], [SysUserId], [Url])
VALUES (i.[Ip], i.[IsBlocked], i.[Method], i.[Path], i.[RequestKey], i.[SysUserId], i.[Url])
OUTPUT INSERTED.[AccessInfoId], i._Position
INTO @inserted0;

SELECT [t].[AccessInfoId], [t].[createdOn], [t].[modifiedOn], [t].[VerCol] FROM [AccessInfo] t
INNER JOIN @inserted0 i ON ([t].[AccessInfoId] = [i].[AccessInfoId])
ORDER BY [i].[_Position]; 
2020-04-17 15:45:52.9747||DEBUG|IPCheckMiddleware|URL is not on the whitelist: 0.0.0.1 
2020-04-17 15:45:52.9747|2|INFO|Microsoft.AspNetCore.Hosting.Diagnostics|Request finished in 435.0589ms 200 application/json; charset=utf-8 
2020-04-17 15:47:13.4273|1|INFO|Microsoft.AspNetCore.Hosting.Diagnostics|Request starting HTTP/1.1 GET http://192.168.60.181/   
2020-04-17 15:47:13.4723||DEBUG|IPCheckMiddleware|Request from HeadConnection:keep-alive
Accept:text/html,application/xhtml+xml,application/xml;q=0.9,image/webp,image/apng,*/*;q=0.8,application/signed-exchange;v=b3
Accept-Encoding:gzip, deflate
Accept-Language:zh-CN,zh;q=0.9
Host:192.168.60.181
User-Agent:Mozilla/5.0 (Windows NT 6.1; Win64; x64) AppleWebKit/537.36 (KHTML, like Gecko) Chrome/78.0.3904.108 Safari/537.36
Upgrade-Insecure-Requests:1
 
2020-04-17 15:47:13.4723||DEBUG|IPCheckMiddleware|Request from Remote IP address: 192.168.60.181 
2020-04-17 15:47:13.6773|20100|INFO|Microsoft.EntityFrameworkCore.Database.Command|Executing DbCommand [Parameters=[@p0='?' (Size = 50) (DbType = AnsiString), @p1='?' (DbType = Boolean), @p2='?' (Size = 10) (DbType = AnsiString), @p3='?' (Size = 500) (DbType = AnsiString), @p4='?' (Size = 50) (DbType = AnsiString), @p5='?' (DbType = Guid), @p6='?' (Size = 8000) (DbType = AnsiString)], CommandType='Text', CommandTimeout='30']
SET NOCOUNT ON;
DECLARE @inserted0 TABLE ([AccessInfoId] uniqueidentifier, [_Position] [int]);
MERGE [AccessInfo] USING (
VALUES (@p0, @p1, @p2, @p3, @p4, @p5, @p6, 0)) AS i ([Ip], [IsBlocked], [Method], [Path], [RequestKey], [SysUserId], [Url], _Position) ON 1=0
WHEN NOT MATCHED THEN
INSERT ([Ip], [IsBlocked], [Method], [Path], [RequestKey], [SysUserId], [Url])
VALUES (i.[Ip], i.[IsBlocked], i.[Method], i.[Path], i.[RequestKey], i.[SysUserId], i.[Url])
OUTPUT INSERTED.[AccessInfoId], i._Position
INTO @inserted0;

SELECT [t].[AccessInfoId], [t].[createdOn], [t].[modifiedOn], [t].[VerCol] FROM [AccessInfo] t
INNER JOIN @inserted0 i ON ([t].[AccessInfoId] = [i].[AccessInfoId])
ORDER BY [i].[_Position]; 
2020-04-17 15:47:13.8103|2|INFO|Microsoft.AspNetCore.StaticFiles.StaticFileMiddleware|Sending file. Request path: '/index.html'. Physical path: 'E:\mywork\testcode\codeBDS\WebAPI\WebAPI\wwwroot\index.html' 
2020-04-17 15:47:13.8103|2|INFO|Microsoft.AspNetCore.Hosting.Diagnostics|Request finished in 384.2441ms 200 text/html 
2020-04-17 15:47:13.8373|1|INFO|Microsoft.AspNetCore.Hosting.Diagnostics|Request starting HTTP/1.1 GET http://192.168.60.181/vendor/font-awesome-4.7.0/css/font-awesome.css   
2020-04-17 15:47:13.8373|1|INFO|Microsoft.AspNetCore.Hosting.Diagnostics|Request starting HTTP/1.1 GET http://192.168.60.181/css/style.css   
2020-04-17 15:47:13.8784||DEBUG|IPCheckMiddleware|Request from HeadConnection:keep-alive
Accept:text/css,*/*;q=0.1
Accept-Encoding:gzip, deflate
Accept-Language:zh-CN,zh;q=0.9
Host:192.168.60.181
Referer:http://192.168.60.181/
User-Agent:Mozilla/5.0 (Windows NT 6.1; Win64; x64) AppleWebKit/537.36 (KHTML, like Gecko) Chrome/78.0.3904.108 Safari/537.36
 
2020-04-17 15:47:13.8784||DEBUG|IPCheckMiddleware|Request from Remote IP address: 192.168.60.181 
2020-04-17 15:47:13.8824||DEBUG|IPCheckMiddleware|Request from HeadConnection:keep-alive
Accept:text/css,*/*;q=0.1
Accept-Encoding:gzip, deflate
Accept-Language:zh-CN,zh;q=0.9
Host:192.168.60.181
Referer:http://192.168.60.181/
User-Agent:Mozilla/5.0 (Windows NT 6.1; Win64; x64) AppleWebKit/537.36 (KHTML, like Gecko) Chrome/78.0.3904.108 Safari/537.36
 
2020-04-17 15:47:13.8824||DEBUG|IPCheckMiddleware|Request from Remote IP address: 192.168.60.181 
2020-04-17 15:47:13.9594|20100|INFO|Microsoft.EntityFrameworkCore.Database.Command|Executing DbCommand [Parameters=[@p0='?' (Size = 50) (DbType = AnsiString), @p1='?' (DbType = Boolean), @p2='?' (Size = 10) (DbType = AnsiString), @p3='?' (Size = 500) (DbType = AnsiString), @p4='?' (Size = 50) (DbType = AnsiString), @p5='?' (DbType = Guid), @p6='?' (Size = 8000) (DbType = AnsiString)], CommandType='Text', CommandTimeout='30']
SET NOCOUNT ON;
DECLARE @inserted0 TABLE ([AccessInfoId] uniqueidentifier, [_Position] [int]);
MERGE [AccessInfo] USING (
VALUES (@p0, @p1, @p2, @p3, @p4, @p5, @p6, 0)) AS i ([Ip], [IsBlocked], [Method], [Path], [RequestKey], [SysUserId], [Url], _Position) ON 1=0
WHEN NOT MATCHED THEN
INSERT ([Ip], [IsBlocked], [Method], [Path], [RequestKey], [SysUserId], [Url])
VALUES (i.[Ip], i.[IsBlocked], i.[Method], i.[Path], i.[RequestKey], i.[SysUserId], i.[Url])
OUTPUT INSERTED.[AccessInfoId], i._Position
INTO @inserted0;

SELECT [t].[AccessInfoId], [t].[createdOn], [t].[modifiedOn], [t].[VerCol] FROM [AccessInfo] t
INNER JOIN @inserted0 i ON ([t].[AccessInfoId] = [i].[AccessInfoId])
ORDER BY [i].[_Position]; 
2020-04-17 15:47:14.1184|10000|ERROR|Microsoft.EntityFrameworkCore.Update|An exception occurred in the database while saving changes for context type 'WebAPI.DBContexts.EntityContext'.
System.InvalidOperationException: A second operation started on this context before a previous operation completed. This is usually caused by different threads using the same instance of DbContext. For more information on how to avoid threading issues with DbContext, see https://go.microsoft.com/fwlink/?linkid=2097913.
   at Microsoft.EntityFrameworkCore.Internal.ConcurrencyDetector.EnterCriticalSection()
   at Microsoft.EntityFrameworkCore.ChangeTracking.Internal.StateManager.SaveChangesAsync(IList`1 entriesToSave, CancellationToken cancellationToken)
   at Microsoft.EntityFrameworkCore.ChangeTracking.Internal.StateManager.SaveChangesAsync(Boolean acceptAllChangesOnSuccess, CancellationToken cancellationToken)
   at Microsoft.EntityFrameworkCore.DbContext.SaveChangesAsync(Boolean acceptAllChangesOnSuccess, CancellationToken cancellationToken) System.InvalidOperationException: A second operation started on this context before a previous operation completed. This is usually caused by different threads using the same instance of DbContext. For more information on how to avoid threading issues with DbContext, see https://go.microsoft.com/fwlink/?linkid=2097913.
   at Microsoft.EntityFrameworkCore.Internal.ConcurrencyDetector.EnterCriticalSection()
   at Microsoft.EntityFrameworkCore.ChangeTracking.Internal.StateManager.SaveChangesAsync(IList`1 entriesToSave, CancellationToken cancellationToken)
   at Microsoft.EntityFrameworkCore.ChangeTracking.Internal.StateManager.SaveChangesAsync(Boolean acceptAllChangesOnSuccess, CancellationToken cancellationToken)
   at Microsoft.EntityFrameworkCore.DbContext.SaveChangesAsync(Boolean acceptAllChangesOnSuccess, CancellationToken cancellationToken)
2020-04-17 15:47:14.4254|2|INFO|Microsoft.AspNetCore.Hosting.Diagnostics|Request finished in 588.2461000000001ms 404  
2020-04-17 15:47:14.4814|1|ERROR|Microsoft.AspNetCore.Diagnostics.DeveloperExceptionPageMiddleware|An unhandled exception has occurred while executing the request. System.InvalidOperationException: A second operation started on this context before a previous operation completed. This is usually caused by different threads using the same instance of DbContext. For more information on how to avoid threading issues with DbContext, see https://go.microsoft.com/fwlink/?linkid=2097913.
   at Microsoft.EntityFrameworkCore.Internal.ConcurrencyDetector.EnterCriticalSection()
   at Microsoft.EntityFrameworkCore.ChangeTracking.Internal.StateManager.SaveChangesAsync(IList`1 entriesToSave, CancellationToken cancellationToken)
   at Microsoft.EntityFrameworkCore.ChangeTracking.Internal.StateManager.SaveChangesAsync(Boolean acceptAllChangesOnSuccess, CancellationToken cancellationToken)
   at Microsoft.EntityFrameworkCore.DbContext.SaveChangesAsync(Boolean acceptAllChangesOnSuccess, CancellationToken cancellationToken)
   at ZM.Extensions.EntityFrameworkCoreEx.DbContextExtensions.saveChangesAsyncClientWin(DbContext dbContext, Int32 retryCount) in e:\mywork\testcode\codeBDS\WebAPI\WebAPI\Extensions\DbContextExtensions.cs:line 356
   at WebAPI.Common.DataServices.createAccessInfo(DbContext dbContext, Guid userid, String Url, String Path, String Ip, String Method, Boolean IsBlocked, String RequestKey) in e:\mywork\testcode\codeBDS\WebAPI\WebAPI\Common\DataServices.cs:line 48
   at IPCheckOptions.createAccessInfo(Guid userid, String Url, String Path, String Ip, String Method, Boolean IsBlocked, String requestKey) in e:\mywork\testcode\codeBDS\WebAPI\WebAPI\Middleware\IPCheck\IPCheckOptions.cs:line 167
   at IPCheckMiddleware.Invoke(HttpContext context) in e:\mywork\testcode\codeBDS\WebAPI\WebAPI\Middleware\IPCheck\IPCheckMiddleware.cs:line 46
   at HttpContextAnalysisMiddleware.Invoke(HttpContext context) in e:\mywork\testcode\codeBDS\WebAPI\WebAPI\Middleware\HttpContextAnalysis\HttpContextAnalysisMiddleware.cs:line 34
   at Microsoft.AspNetCore.Diagnostics.DeveloperExceptionPageMiddleware.Invoke(HttpContext context)
2020-04-17 15:47:14.4814|2|INFO|Microsoft.AspNetCore.Hosting.Diagnostics|Request finished in 645.6928ms 500 text/plain 
2020-04-17 15:47:14.5054|1|INFO|Microsoft.AspNetCore.Hosting.Diagnostics|Request starting HTTP/1.1 GET http://192.168.60.181/img/favicons/favicon-32x32.png   
2020-04-17 15:47:14.5454||DEBUG|IPCheckMiddleware|Request from HeadConnection:keep-alive
Accept:image/webp,image/apng,image/*,*/*;q=0.8
Accept-Encoding:gzip, deflate
Accept-Language:zh-CN,zh;q=0.9
Host:192.168.60.181
Referer:http://192.168.60.181/
User-Agent:Mozilla/5.0 (Windows NT 6.1; Win64; x64) AppleWebKit/537.36 (KHTML, like Gecko) Chrome/78.0.3904.108 Safari/537.36
 
2020-04-17 15:47:14.5454||DEBUG|IPCheckMiddleware|Request from Remote IP address: 192.168.60.181 
2020-04-17 15:47:14.6284|20100|INFO|Microsoft.EntityFrameworkCore.Database.Command|Executing DbCommand [Parameters=[@p0='?' (Size = 50) (DbType = AnsiString), @p1='?' (DbType = Boolean), @p2='?' (Size = 10) (DbType = AnsiString), @p3='?' (Size = 500) (DbType = AnsiString), @p4='?' (Size = 50) (DbType = AnsiString), @p5='?' (DbType = Guid), @p6='?' (Size = 8000) (DbType = AnsiString)], CommandType='Text', CommandTimeout='30']
SET NOCOUNT ON;
DECLARE @inserted0 TABLE ([AccessInfoId] uniqueidentifier, [_Position] [int]);
MERGE [AccessInfo] USING (
VALUES (@p0, @p1, @p2, @p3, @p4, @p5, @p6, 0)) AS i ([Ip], [IsBlocked], [Method], [Path], [RequestKey], [SysUserId], [Url], _Position) ON 1=0
WHEN NOT MATCHED THEN
INSERT ([Ip], [IsBlocked], [Method], [Path], [RequestKey], [SysUserId], [Url])
VALUES (i.[Ip], i.[IsBlocked], i.[Method], i.[Path], i.[RequestKey], i.[SysUserId], i.[Url])
OUTPUT INSERTED.[AccessInfoId], i._Position
INTO @inserted0;

SELECT [t].[AccessInfoId], [t].[createdOn], [t].[modifiedOn], [t].[VerCol] FROM [AccessInfo] t
INNER JOIN @inserted0 i ON ([t].[AccessInfoId] = [i].[AccessInfoId])
ORDER BY [i].[_Position]; 
2020-04-17 15:47:14.6714|20100|INFO|Microsoft.EntityFrameworkCore.Database.Command|Executing DbCommand [Parameters=[@p0='?' (Size = 50) (DbType = AnsiString), @p1='?' (DbType = Boolean), @p2='?' (Size = 10) (DbType = AnsiString), @p3='?' (Size = 500) (DbType = AnsiString), @p4='?' (Size = 50) (DbType = AnsiString), @p5='?' (DbType = Guid), @p6='?' (Size = 8000) (DbType = AnsiString)], CommandType='Text', CommandTimeout='30']
SET NOCOUNT ON;
DECLARE @inserted0 TABLE ([AccessInfoId] uniqueidentifier, [_Position] [int]);
MERGE [AccessInfo] USING (
VALUES (@p0, @p1, @p2, @p3, @p4, @p5, @p6, 0)) AS i ([Ip], [IsBlocked], [Method], [Path], [RequestKey], [SysUserId], [Url], _Position) ON 1=0
WHEN NOT MATCHED THEN
INSERT ([Ip], [IsBlocked], [Method], [Path], [RequestKey], [SysUserId], [Url])
VALUES (i.[Ip], i.[IsBlocked], i.[Method], i.[Path], i.[RequestKey], i.[SysUserId], i.[Url])
OUTPUT INSERTED.[AccessInfoId], i._Position
INTO @inserted0;

SELECT [t].[AccessInfoId], [t].[createdOn], [t].[modifiedOn], [t].[VerCol] FROM [AccessInfo] t
INNER JOIN @inserted0 i ON ([t].[AccessInfoId] = [i].[AccessInfoId])
ORDER BY [i].[_Position]; 
2020-04-17 15:47:14.7604|2|INFO|Microsoft.AspNetCore.Hosting.Diagnostics|Request finished in 254.6397ms 404  
2020-04-17 15:48:39.5603||INFO|Microsoft.AspNetCore.DataProtection.KeyManagement.XmlKeyManager|User profile is available. Using 'C:\Users\Administrator\AppData\Local\ASP.NET\DataProtection-Keys' as key repository and Windows DPAPI to encrypt keys at rest. 
2020-04-17 15:49:18.2405||INFO|Microsoft.AspNetCore.DataProtection.KeyManagement.XmlKeyManager|User profile is available. Using 'C:\Users\Administrator\AppData\Local\ASP.NET\DataProtection-Keys' as key repository and Windows DPAPI to encrypt keys at rest. 
